Loading required package: shiny

Attaching package: ‘shinydashboard’

The following object is masked from ‘package:graphics’:

    box


Attaching package: ‘DT’

The following objects are masked from ‘package:shiny’:

    dataTableOutput, renderDataTable

Loading required package: DBI

Attaching package: ‘dplyr’

The following objects are masked from ‘package:stats’:

    filter, lag

The following objects are masked from ‘package:base’:

    intersect, setdiff, setequal, union


Attaching package: ‘shinyjs’

The following object is masked from ‘package:duckdb’:

    show

The following object is masked from ‘package:DBI’:

    show

The following object is masked from ‘package:shiny’:

    runExample

The following objects are masked from ‘package:methods’:

    removeClass, show


Listening on http://127.0.0.1:3840
Warning: Error in match.arg: 'arg' should be one of “default”, “message”, “warning”, “error”
  86: stop
  85: match.arg
  82: showNotification
  81: observe [/Users/shaun/tuf_draft/app.R#485]
  80: <observer:observeEvent(input$players_table_rows_selected)>
   1: shiny::runApp
